Library_LJ/build/outputs/logs/manifest-merger-debug-report.txt
-- Merging decision tree log ---
manifest
ADDED from Library_LJ/Library_LJ/AndroidManifest.xml:2:1-28:12
	package
		ADDED from Library_LJ/Library_LJ/AndroidManifest.xml:3:2-26
	android:versionName
		ADDED from Library_LJ/Library_LJ/AndroidManifest.xml:5:2-27
	android:versionCode
		ADDED from Library_LJ/Library_LJ/AndroidManifest.xml:4:2-25
		INJECTED from Library_LJ/Library_LJ/AndroidManifest.xml
		INJECTED from Library_LJ/Library_LJ/AndroidManifest.xml
	xmlns:android
		ADDED from Library_LJ/Library_LJ/AndroidManifest.xml:2:11-69
uses-sdk
ADDED from Library_LJ/Library_LJ/AndroidManifest.xml:6:2-8:35
	android:targetSdkVersion
		ADDED from Library_LJ/Library_LJ/AndroidManifest.xml:8:3-32
	android:minSdkVersion
		ADDED from Library_LJ/Library_LJ/AndroidManifest.xml:7:3-28
uses-permission#android.permission.ACCESS_NETWORK_STATE
ADDED from Library_LJ/Library_LJ/AndroidManifest.xml:9:2-76
	android:name
		ADDED from Library_LJ/Library_LJ/AndroidManifest.xml:9:19-73
uses-permission#android.permission.ACCESS_WIFI_STATE
ADDED from Library_LJ/Library_LJ/AndroidManifest.xml:10:2-73
	android:name
		ADDED from Library_LJ/Library_LJ/AndroidManifest.xml:10:19-70
uses-permission#android.permission.WRITE_EXTERNAL_STORAGE
ADDED from Library_LJ/Library_LJ/AndroidManifest.xml:11:2-78
	android:name
		ADDED from Library_LJ/Library_LJ/AndroidManifest.xml:11:19-75
uses-permission#android.permission.READ_EXTERNAL_STORAGE
ADDED from Library_LJ/Library_LJ/AndroidManifest.xml:11:102-177
	android:name
		ADDED from Library_LJ/Library_LJ/AndroidManifest.xml:11:119-174
uses-permission#android.permission.INTERNET
ADDED from Library_LJ/Library_LJ/AndroidManifest.xml:12:2-64
	android:name
		ADDED from Library_LJ/Library_LJ/AndroidManifest.xml:12:19-61
uses-permission#android.permission.MOUNT_UNMOUNT_FILESYSTEMS
ADDED from Library_LJ/Library_LJ/AndroidManifest.xml:13:2-81
	android:name
		ADDED from Library_LJ/Library_LJ/AndroidManifest.xml:13:19-78
application
ADDED from Library_LJ/Library_LJ/AndroidManifest.xml:14:2-27:16
	android:label
		ADDED from Library_LJ/Library_LJ/AndroidManifest.xml:17:3-35
	android:allowBackup
		ADDED from Library_LJ/Library_LJ/AndroidManifest.xml:15:3-29
	android:icon
		ADDED from Library_LJ/Library_LJ/AndroidManifest.xml:16:3-39
	android:theme
		ADDED from Library_LJ/Library_LJ/AndroidManifest.xml:18:3-34
activity#com.lj.library.activity.MainActivity
ADDED from Library_LJ/Library_LJ/AndroidManifest.xml:19:3-26:14
	android:label
		ADDED from Library_LJ/Library_LJ/AndroidManifest.xml:21:4-36
	android:name
		ADDED from Library_LJ/Library_LJ/AndroidManifest.xml:20:4-55
intent-filter#android.intent.action.MAIN+android.intent.category.LAUNCHER
ADDED from Library_LJ/Library_LJ/AndroidManifest.xml:22:4-25:20
action#android.intent.action.MAIN
ADDED from Library_LJ/Library_LJ/AndroidManifest.xml:23:5-57
	android:name
		ADDED from Library_LJ/Library_LJ/AndroidManifest.xml:23:13-54
category#android.intent.category.LAUNCHER
ADDED from Library_LJ/Library_LJ/AndroidManifest.xml:24:5-65
	android:name
		ADDED from Library_LJ/Library_LJ/AndroidManifest.xml:24:15-62